<?xml version="1.0" encoding="UTF-8"?>
<!-- Generated by org.testng.reporters.JUnitXMLReporter -->
<testsuite hostname="ramsunkara" ignored="2" name="Default test" tests="4" failures="0" timestamp="15 Jun 2019 17:28:04 GMT" time="0.07" errors="0">
  <testcase name="method2" time="0.014" classname="multiplE.GroupToMulGroup"/>
  <testcase name="method3" time="0.003" classname="multiplE.GroupToMulGroup"/>
  <testcase name="method4" time="0.003" classname="multiplE.GroupToMulGroup"/>
  <testcase name="method5" time="0.004" classname="multiplE.GroupToMulGroup"/>
  <testcase name="method6" time="0.0" classname="multiplE.GroupToMulGroup">
    <ignored/>
  </testcase> <!-- method6 -->
  <testcase name="method1" time="0.0" classname="multiplE.GroupToMulGroup">
    <ignored/>
  </testcase> <!-- method1 -->
</testsuite> <!-- Default test -->
