<?xml version="1.0" encoding="UTF-8"?>
<!-- Generated by org.testng.reporters.JUnitXMLReporter -->
<testsuite hostname="ramsunkara" ignored="0" name="ChromeBrowser" tests="3" failures="0" timestamp="12 Sep 2019 14:42:17 GMT" time="70.363" errors="0">
  <testcase name="login" time="6.769" classname="multiplE.GridConcept"/>
  <testcase name="Testing143" time="27.151" classname="multiplE.ParallelTestExecution"/>
  <testcase name="Testing" time="6.662" classname="multiplE.ParallelTestExecution"/>
</testsuite> <!-- ChromeBrowser -->
