<?xml version="1.0" encoding="UTF-8"?>
<!-- Generated by org.testng.reporters.JUnitXMLReporter -->
<testsuite hostname="ramsunkara" ignored="3" name="grouping24" tests="1" failures="0" timestamp="15 Jun 2019 05:18:53 GMT" time="0.047" errors="0">
  <testcase name="method2" time="0.016" classname="multiplE.TestBelongsToSingleGroup"/>
  <testcase name="method4" time="0.0" classname="multiplE.TestBelongsToSingleGroup">
    <ignored/>
  </testcase> <!-- method4 -->
  <testcase name="method3" time="0.0" classname="multiplE.TestBelongsToSingleGroup">
    <ignored/>
  </testcase> <!-- method3 -->
  <testcase name="method1" time="0.0" classname="multiplE.TestBelongsToSingleGroup">
    <ignored/>
  </testcase> <!-- method1 -->
</testsuite> <!-- grouping24 -->
