<?xml version="1.0" encoding="UTF-8"?>
<!-- Generated by org.testng.reporters.JUnitXMLReporter -->
<testsuite hostname="ramsunkara" ignored="2" name="grouping" tests="2" failures="0" timestamp="13 Jun 2019 07:44:30 GMT" time="0.05" errors="0">
  <testcase name="method1" time="0.012" classname="multiplE.TestBelongsToSingleGroup"/>
  <testcase name="method3" time="0.003" classname="multiplE.TestBelongsToSingleGroup"/>
  <testcase name="method4" time="0.0" classname="multiplE.TestBelongsToSingleGroup">
    <ignored/>
  </testcase> <!-- method4 -->
  <testcase name="method2" time="0.0" classname="multiplE.TestBelongsToSingleGroup">
    <ignored/>
  </testcase> <!-- method2 -->
</testsuite> <!-- grouping -->
