<?xml version="1.0" encoding="UTF-8"?>
<!-- Generated by org.testng.reporters.JUnitXMLReporter -->
<testsuite hostname="ramsunkara" ignored="0" name="ChromeTest" tests="5" failures="0" timestamp="13 Jun 2019 06:48:12 GMT" time="61.341" errors="0">
  <testcase name="tc_04" time="0.017" classname="multiplE.ParallelTestExecution1"/>
  <testcase name="tc_05" time="0.004" classname="multiplE.ParallelTestExecution1"/>
  <testcase name="tc_06" time="0.004" classname="multiplE.ParallelTestExecution1"/>
  <testcase name="Testing143" time="21.295" classname="multiplE.ParallelTestExecution"/>
  <testcase name="Testing" time="5.869" classname="multiplE.ParallelTestExecution"/>
</testsuite> <!-- ChromeTest -->
