<?xml version="1.0" encoding="UTF-8"?>
<!-- Generated by org.testng.reporters.JUnitXMLReporter -->
<testsuite hostname="ramsunkara" ignored="0" name="Test" tests="6" failures="0" timestamp="13 Jun 2019 05:04:31 GMT" time="0.102" errors="0">
  <testcase name="tc_04" time="0.014" classname="multiplE.ParallelTestExecution1"/>
  <testcase name="tc_05" time="0.004" classname="multiplE.ParallelTestExecution1"/>
  <testcase name="tc_06" time="0.002" classname="multiplE.ParallelTestExecution1"/>
  <testcase name="tc_01" time="0.003" classname="multiplE.ParallelTestExecution"/>
  <testcase name="tc_02" time="0.005" classname="multiplE.ParallelTestExecution"/>
  <testcase name="tc_03" time="0.002" classname="multiplE.ParallelTestExecution"/>
</testsuite> <!-- Test -->
